<?xml version="1.0" encoding="UTF-8"?>
<testng-results skipped="0" failed="0" ignored="0" total="1" passed="1">
  <reporter-output>
  </reporter-output>
  <suite name="Selenium Test Automation Suite" duration-ms="31" started-at="2020-01-22T11:19:30 IST" finished-at="2020-01-22T11:19:30 IST">
    <groups>
    </groups>
    <test name="Automated Tests" duration-ms="31" started-at="2020-01-22T11:19:30 IST" finished-at="2020-01-22T11:19:30 IST">
      <class name="FirstTestSuite">
        <test-method status="PASS" signature="FirstTestCase()[pri:0, instance:FirstTestSuite@523884b2]" name="FirstTestCase" duration-ms="3" started-at="2020-01-22T11:19:30 IST" description="TestCase One" finished-at="2020-01-22T11:19:30 IST">
          <reporter-output>
          </reporter-output>
        </test-method> <!-- FirstTestCase -->
      </class> <!-- FirstTestSuite -->
    </test> <!-- Automated Tests -->
  </suite> <!-- Selenium Test Automation Suite -->
</testng-results>
